<component name="libraryTable">
  <library name="junit4 (2)">
    <CLASSES>
      <root url="jar://$PROJECT_DIR$/.idea/PP/junit4.jar!/" />
    </CLASSES>
    <JAVADOC />
    <SOURCES />
  </library>
</component>